#
# There is insufficient memory for the Java Runtime Environment to continue.
# Native memory allocation (mmap) failed to map 260046848 bytes for G1 virtual space
# Possible reasons:
#   The system is out of physical RAM or swap space
#   The process is running with CompressedOops enabled, and the Java Heap may be blocking the growth of the native heap
# Possible solutions:
#   Reduce memory load on the system
#   Increase physical memory or swap space
#   Check if swap backing store is full
#   Decrease Java heap size (-Xmx/-Xms)
#   Decrease number of Java threads
#   Decrease Java thread stack sizes (-Xss)
#   Set larger code cache with -XX:ReservedCodeCacheSize=
#   JVM is running with Zero Based Compressed Oops mode in which the Java heap is
#     placed in the first 32GB address space. The Java Heap base address is the
#     maximum limit for the native heap growth. Please use -XX:HeapBaseMinAddress
#     to set the Java Heap base and to place the Java Heap above 32GB virtual address.
# This output file may be truncated or incomplete.
#
#  Out of Memory Error (os_windows.cpp:3769), pid=9420, tid=18448
#
# JRE version:  (17.0.6) (build )
# Java VM: OpenJDK 64-Bit Server VM (17.0.6+0-b2043.56-9586694, mixed mode, sharing, tiered, compressed oops, compressed class ptrs, g1 gc, windows-amd64)
# No core dump will be written. Minidumps are not enabled by default on client versions of Windows
#

---------------  S U M M A R Y ------------

Command Line: org.jetbrains.kotlin.cli.jvm.K2JVMCompiler @D:\WhatsAppClone\app\build\20240107_15936775805794369055.compiler.options

Host: AMD Ryzen 7 4800H with Radeon Graphics         , 16 cores, 15G,  Windows 11 , 64 bit Build 22621 (10.0.22621.2506)
Time: Sun Jan  7 17:40:32 2024 India Standard Time elapsed time: 0.026626 seconds (0d 0h 0m 0s)

---------------  T H R E A D  ---------------

Current thread (0x0000023a255db860):  JavaThread "Unknown thread" [_thread_in_vm, id=18448, stack(0x000000b955200000,0x000000b955300000)]

Stack: [0x000000b955200000,0x000000b955300000]
Native frames: (J=compiled Java code, j=interpreted, Vv=VM code, C=native code)
V  [jvm.dll+0x683b4a]
V  [jvm.dll+0x842654]
V  [jvm.dll+0x843dfe]
V  [jvm.dll+0x844463]
V  [jvm.dll+0x249b75]
V  [jvm.dll+0x680a19]
V  [jvm.dll+0x674f0a]
V  [jvm.dll+0x309acb]
V  [jvm.dll+0x310f86]
V  [jvm.dll+0x3608ee]
V  [jvm.dll+0x360b1f]
V  [jvm.dll+0x2dfbf8]
V  [jvm.dll+0x2e0b64]
V  [jvm.dll+0x813f41]
V  [jvm.dll+0x36e6a1]
V  [jvm.dll+0x7f347c]
V  [jvm.dll+0x3f0e8f]
V  [jvm.dll+0x3f29d1]
C  [jli.dll+0x526b]
C  [ucrtbase.dll+0x29363]
C  [KERNEL32.DLL+0x1257d]
C  [ntdll.dll+0x5aa58]


---------------  P R O C E S S  ---------------

Threads class SMR info:
_java_thread_list=0x00007ffaeb4dc058, length=0, elements={
}

Java Threads: ( => current thread )

Other Threads:
  0x0000023a25645c70 GCTaskThread "GC Thread#0" [stack: 0x000000b955300000,0x000000b955400000] [id=23180]
  0x0000023a25656270 ConcurrentGCThread "G1 Main Marker" [stack: 0x000000b955400000,0x000000b955500000] [id=16676]
  0x0000023a25656c80 ConcurrentGCThread "G1 Conc#0" [stack: 0x000000b955500000,0x000000b955600000] [id=15236]

[error occurred during error reporting (printing all threads), id 0xc0000005, EXCEPTION_ACCESS_VIOLATION (0xc0000005) at pc=0x00007ffaeac90797]

VM state: not at safepoint (not fully initialized)

VM Mutex/Monitor currently owned by a thread:  ([mutex/lock_event])
[0x0000023a255d7c00] Heap_lock - owner thread: 0x0000023a255db860

Heap address: 0x0000000709400000, size: 3948 MB, Compressed Oops mode: Zero based, Oop shift amount: 3

CDS archive(s) mapped at: [0x0000000000000000-0x0000000000000000-0x0000000000000000), size 0, SharedBaseAddress: 0x0000000800000000, ArchiveRelocationMode: 0.
Narrow klass base: 0x0000000000000000, Narrow klass shift: 0, Narrow klass range: 0x0

GC Precious Log:
<Empty>

Heap:
 garbage-first heap   total 0K, used 0K [0x0000000709400000, 0x0000000800000000)
  region size 2048K, 0 young (0K), 0 survivors (0K)

[error occurred during error reporting (printing heap information), id 0xc0000005, EXCEPTION_ACCESS_VIOLATION (0xc0000005) at pc=0x00007ffaeb07d939]

GC Heap History (0 events):
No events

Dll operation events (1 events):
Event: 0.019 Loaded shared library D:\AndroidStudio\jbr\bin\java.dll

Deoptimization events (0 events):
No events

Classes unloaded (0 events):
No events

Classes redefined (0 events):
No events

Internal exceptions (0 events):
No events

VM Operations (0 events):
No events

Events (0 events):
No events


Dynamic libraries:
0x00007ff7759e0000 - 0x00007ff7759ea000 	D:\AndroidStudio\jbr\bin\java.exe
0x00007ffb33cf0000 - 0x00007ffb33f07000 	C:\WINDOWS\SYSTEM32\ntdll.dll
0x00007ffb33600000 - 0x00007ffb336c4000 	C:\WINDOWS\System32\KERNEL32.DLL
0x00007ffb315d0000 - 0x00007ffb31976000 	C:\WINDOWS\System32\KERNELBASE.dll
0x00007ffb31430000 - 0x00007ffb31541000 	C:\WINDOWS\System32\ucrtbase.dll
0x00007ffb1dab0000 - 0x00007ffb1dac7000 	D:\AndroidStudio\jbr\bin\jli.dll
0x00007ffb1da90000 - 0x00007ffb1daab000 	D:\AndroidStudio\jbr\bin\VCRUNTIME140.dll
0x00007ffb31bb0000 - 0x00007ffb31d5e000 	C:\WINDOWS\System32\USER32.dll
0x00007ffb31060000 - 0x00007ffb31086000 	C:\WINDOWS\System32\win32u.dll
0x00007ffb1c6b0000 - 0x00007ffb1c943000 	C:\WINDOWS\WinSxS\amd64_microsoft.windows.common-controls_6595b64144ccf1df_6.0.22621.2506_none_270c5ae97388e100\COMCTL32.dll
0x00007ffb31aa0000 - 0x00007ffb31ac9000 	C:\WINDOWS\System32\GDI32.dll
0x00007ffb336d0000 - 0x00007ffb33777000 	C:\WINDOWS\System32\msvcrt.dll
0x00007ffb31310000 - 0x00007ffb31428000 	C:\WINDOWS\System32\gdi32full.dll
0x00007ffb31090000 - 0x00007ffb3112a000 	C:\WINDOWS\System32\msvcp_win.dll
0x00007ffb32a40000 - 0x00007ffb32a71000 	C:\WINDOWS\System32\IMM32.DLL
0x0000000054f50000 - 0x0000000054f5c000 	C:\Program Files (x86)\360\Total Security\safemon\SafeWrapper.dll
0x00007ffb32c90000 - 0x00007ffb32d41000 	C:\WINDOWS\System32\ADVAPI32.dll
0x00007ffb32a80000 - 0x00007ffb32b25000 	C:\WINDOWS\System32\sechost.dll
0x00007ffb33b70000 - 0x00007ffb33c87000 	C:\WINDOWS\System32\RPCRT4.dll
0x00007ffaf8590000 - 0x00007ffaf8622000 	C:\Program Files (x86)\360\Total Security\safemon\libzdtp64.dll
0x00007ffb31d60000 - 0x00007ffb325ba000 	C:\WINDOWS\System32\SHELL32.dll
0x00007ffb33810000 - 0x00007ffb3386e000 	C:\WINDOWS\System32\SHLWAPI.dll
0x00007ffb30c20000 - 0x00007ffb30c2a000 	C:\WINDOWS\SYSTEM32\VERSION.dll
0x00007ffb2a390000 - 0x00007ffb2a39c000 	D:\AndroidStudio\jbr\bin\vcruntime140_1.dll
0x00007ffb0bfe0000 - 0x00007ffb0c06d000 	D:\AndroidStudio\jbr\bin\msvcp140.dll
0x00007ffaea9a0000 - 0x00007ffaeb60d000 	D:\AndroidStudio\jbr\bin\server\jvm.dll
0x00007ffb2c5b0000 - 0x00007ffb2c5b9000 	C:\WINDOWS\SYSTEM32\WSOCK32.dll
0x00007ffb24a20000 - 0x00007ffb24a54000 	C:\WINDOWS\SYSTEM32\WINMM.dll
0x00007ffb33af0000 - 0x00007ffb33b61000 	C:\WINDOWS\System32\WS2_32.dll
0x00007ffb2fff0000 - 0x00007ffb30008000 	C:\WINDOWS\SYSTEM32\kernel.appcore.dll
0x00007ffb2c330000 - 0x00007ffb2c33a000 	D:\AndroidStudio\jbr\bin\jimage.dll
0x00007ffb28400000 - 0x00007ffb28633000 	C:\WINDOWS\SYSTEM32\DBGHELP.DLL
0x00007ffb32ef0000 - 0x00007ffb33279000 	C:\WINDOWS\System32\combase.dll
0x00007ffb31ad0000 - 0x00007ffb31ba7000 	C:\WINDOWS\System32\OLEAUT32.dll
0x00007ffb26bd0000 - 0x00007ffb26c02000 	C:\WINDOWS\SYSTEM32\dbgcore.DLL
0x00007ffb31550000 - 0x00007ffb315ca000 	C:\WINDOWS\System32\bcryptPrimitives.dll
0x00007ffb1ed80000 - 0x00007ffb1eda5000 	D:\AndroidStudio\jbr\bin\java.dll

dbghelp: loaded successfully - version: 4.0.5 - missing functions: none
symbol engine: initialized successfully - sym options: 0x614 - pdb path: .;D:\AndroidStudio\jbr\bin;C:\WINDOWS\SYSTEM32;C:\WINDOWS\WinSxS\amd64_microsoft.windows.common-controls_6595b64144ccf1df_6.0.22621.2506_none_270c5ae97388e100;C:\Program Files (x86)\360\Total Security\safemon;D:\AndroidStudio\jbr\bin\server

VM Arguments:
java_command: org.jetbrains.kotlin.cli.jvm.K2JVMCompiler @D:\WhatsAppClone\app\build\20240107_15936775805794369055.compiler.options
java_class_path (initial): C:\Users\aryan\.gradle\caches\modules-2\files-2.1\org.jetbrains.kotlin\kotlin-compiler-embeddable\1.8.20\78d9baa57f65babf9e0a93e51f62f26f5f35ac3e\kotlin-compiler-embeddable-1.8.20.jar;C:\Users\aryan\.gradle\caches\modules-2\files-2.1\org.jetbrains.kotlin\kotlin-stdlib\1.8.20\e72fc5e03ec6c064c678a6bd0d955c88d55b0c4a\kotlin-stdlib-1.8.20.jar;C:\Users\aryan\.gradle\caches\modules-2\files-2.1\org.jetbrains.kotlin\kotlin-script-runtime\1.8.20\c850771e723701f9d63dbcf641429c0f29290074\kotlin-script-runtime-1.8.20.jar;C:\Users\aryan\.gradle\caches\modules-2\files-2.1\org.jetbrains.kotlin\kotlin-reflect\1.6.10\1cbe9c92c12a94eea200d23c2bbaedaf3daf5132\kotlin-reflect-1.6.10.jar;C:\Users\aryan\.gradle\caches\modules-2\files-2.1\org.jetbrains.kotlin\kotlin-daemon-embeddable\1.8.20\c1b808fbe5fee60bd0504a54778120ef40f383d4\kotlin-daemon-embeddable-1.8.20.jar;C:\Users\aryan\.gradle\caches\modules-2\files-2.1\org.jetbrains.intellij.deps\trove4j\1.0.20200330\3afb14d5f9ceb459d724e907a21145e8ff394f02\trove4j-1.0.20200330.jar;C:\Users\aryan\.gradle\caches\modules-2\files-2.1\net.java.dev.jna\jna\5.6.0\330f2244e9030119ab3030fc3fededc86713d9cc\jna-5.6.0.jar;C:\Users\aryan\.gradle\caches\modules-2\files-2.1\org.jetbrains.kotlin\kotlin-stdlib-common\1.8.20\5eddaaf234c8c49d03eebeb6a14feb7f90faca71\kotlin-stdlib-common-1.8.20.jar;C:\Users\aryan\.gradle\caches\modules-2\files-2.1\org.jetbrains\annotations\13.0\919f0dfe192fb4e063e7dacadee7f8bb9a2672a9\annotations-13.0.jar
Launcher Type: SUN_STANDARD

[Global flags]
     intx CICompilerCount                          = 12                                        {product} {ergonomic}
     uint ConcGCThreads                            = 3                                         {product} {ergonomic}
     uint G1ConcRefinementThreads                  = 13                                        {product} {ergonomic}
   size_t G1HeapRegionSize                         = 2097152                                   {product} {ergonomic}
    uintx GCDrainStackTargetSize                   = 64                                        {product} {ergonomic}
   size_t InitialHeapSize                          = 260046848                                 {product} {ergonomic}
   size_t MarkStackSize                            = 4194304                                   {product} {ergonomic}
   size_t MaxHeapSize                              = 4139778048                                {product} {ergonomic}
   size_t MinHeapDeltaBytes                        = 2097152                                   {product} {ergonomic}
   size_t MinHeapSize                              = 8388608                                   {product} {ergonomic}
    uintx NonNMethodCodeHeapSize                   = 7602480                                {pd product} {ergonomic}
    uintx NonProfiledCodeHeapSize                  = 122027880                              {pd product} {ergonomic}
    uintx ProfiledCodeHeapSize                     = 122027880                              {pd product} {ergonomic}
    uintx ReservedCodeCacheSize                    = 251658240                              {pd product} {ergonomic}
     bool SegmentedCodeCache                       = true                                      {product} {ergonomic}
   size_t SoftMaxHeapSize                          = 4139778048                             {manageable} {ergonomic}
     bool UseCompressedClassPointers               = true                           {product lp64_product} {ergonomic}
     bool UseCompressedOops                        = true                           {product lp64_product} {ergonomic}
     bool UseG1GC                                  = true                                      {product} {ergonomic}
     bool UseLargePagesIndividualAllocation        = false                                  {pd product} {ergonomic}

Logging:
Log output configuration:
 #0: stdout all=warning uptime,level,tags
 #1: stderr all=off uptime,level,tags

Environment Variables:
JAVA_HOME=C:\Program Files\Java
PATH=C:\ProgramData\Oracle\Java\javapath;C:\Windows\system32;C:\Windows;C:\Windows\System32\Wbem;C:\Windows\System32\WindowsPowerShell\v1.0\;C:\Windows\System32\OpenSSH\;C:\WINDOWS\system32;C:\WINDOWS;C:\WINDOWS\System32\Wbem;C:\WINDOWS\System32\WindowsPowerShell\v1.0\;C:\WINDOWS\System32\OpenSSH\;C:\Program Files (x86)\NVIDIA Corporation\PhysX\Common;C:\Program Files\NVIDIA Corporation\NVIDIA NvDLISR;C:\MinGW\bin;C:\Program Files\dotnet\;C:\WINDOWS\system32;C:\WINDOWS;C:\WINDOWS\System32\Wbem;C:\WINDOWS\System32\WindowsPowerShell\v1.0\;C:\WINDOWS\System32\OpenSSH\;C:\Program Files\MySQL\MySQL Server 8.0\bin;C:\Program Files\nodejs\;C:\Users\aryan\AppData\Local\Programs\Python\Python310;C:\Users\aryan\AppData\Local\Programs\Python\Python310\Scripts;C:\Program Files (x86)\dotnet\;C:\Program Files\Java\jdk-19\bin;C:\Program Files\Java\jdk1.8.0_45\bin;C:\Program Files\Java;C:\ProgramData\Microsoft\Windows\Start Menu\Programs\SQLyog;C:\Program Files (x86)\SQLyog Community;C:\Program Files\Git\cmd;C:\Users\aryan\AppData\Local\Programs\Python\Python311\Scripts\;C:\Users\aryan\AppData\Local\Programs\Python\Python311\;C:\Users\aryan\AppData\Local\Microsoft\WindowsApps;C:\Users\aryan\AppData\Local\Programs\Microsoft VS Code\bin;C:\Program Files\JetBrains\IntelliJ IDEA Community Edition 2022.2.3\bin;;C:\Users\aryan\AppData\Roaming\npm;C:\ProgramData\Microsoft\Windows\Start Menu\Programs\SQLyog;C:\Program Files (x86)\SQLyog Community;
USERNAME=aryan
OS=Windows_NT
PROCESSOR_IDENTIFIER=AMD64 Family 23 Model 96 Stepping 1, AuthenticAMD
TMP=C:\Users\aryan\AppData\Local\Temp
TEMP=C:\Users\aryan\AppData\Local\Temp



---------------  S Y S T E M  ---------------

OS:
 Windows 11 , 64 bit Build 22621 (10.0.22621.2506)
OS uptime: 1 days 2:41 hours

CPU: total 16 (initial active 16) (16 cores per cpu, 2 threads per core) family 23 model 96 stepping 1 microcode 0x0, cx8, cmov, fxsr, ht, mmx, 3dnowpref, sse, sse2, sse3, ssse3, sse4a, sse4.1, sse4.2, popcnt, lzcnt, tsc, tscinvbit, avx, avx2, aes, clmul, bmi1, bmi2, adx, sha, fma, vzeroupper, clflush, clflushopt

Memory: 4k page, system-wide physical 15790M (4138M free)
TotalPageFile size 41432M (AvailPageFile size 57M)
current process WorkingSet (physical memory assigned to process): 12M, peak: 12M
current process commit charge ("private bytes"): 71M, peak: 319M

vm_info: OpenJDK 64-Bit Server VM (17.0.6+0-b2043.56-9586694) for windows-amd64 JRE (17.0.6+0-b2043.56-9586694), built on Feb  9 2023 20:06:20 by "androidbuild" with MS VC++ 16.10 / 16.11 (VS2019)

END.
